<?xml version="1.0" encoding="UTF-8"?>
<testng-results ignored="0" total="1" passed="1" failed="0" skipped="0">
  <reporter-output>
  </reporter-output>
  <suite started-at="2023-10-09T20:49:48 MESZ" name="Smoky" finished-at="2023-10-09T20:50:08 MESZ" duration-ms="20515">
    <groups>
    </groups>
    <test started-at="2023-10-09T20:49:48 MESZ" name="Smoky" finished-at="2023-10-09T20:50:08 MESZ" duration-ms="20515">
      <class name="com.ait.demoqa.tests.bookStore.LoginPageTests">
        <test-method is-config="true" signature="init()[pri:0, instance:com.ait.demoqa.tests.bookStore.LoginPageTests@456d6c1e]" started-at="2023-10-09T20:49:48 MESZ" name="init" finished-at="2023-10-09T20:50:01 MESZ" duration-ms="12959" status="PASS">
          <reporter-output>
          </reporter-output>
        </test-method> <!-- init -->
        <test-method is-config="true" signature="startLogger(java.lang.reflect.Method)[pri:0, instance:com.ait.demoqa.tests.bookStore.LoginPageTests@456d6c1e]" started-at="2023-10-09T20:50:01 MESZ" name="startLogger" finished-at="2023-10-09T20:50:01 MESZ" duration-ms="17" status="PASS">
          <params>
            <param index="0">
              <value>
                <![CDATA[public void com.ait.demoqa.tests.bookStore.LoginPageTests.loginPozitiveTest()]]>
              </value>
            </param>
          </params>
          <reporter-output>
          </reporter-output>
        </test-method> <!-- startLogger -->
        <test-method is-config="true" signature="precondition()[pri:0, instance:com.ait.demoqa.tests.bookStore.LoginPageTests@456d6c1e]" started-at="2023-10-09T20:50:01 MESZ" name="precondition" finished-at="2023-10-09T20:50:03 MESZ" duration-ms="1731" status="PASS">
          <reporter-output>
          </reporter-output>
        </test-method> <!-- precondition -->
        <test-method signature="loginPozitiveTest()[pri:0, instance:com.ait.demoqa.tests.bookStore.LoginPageTests@456d6c1e]" started-at="2023-10-09T20:50:03 MESZ" name="loginPozitiveTest" finished-at="2023-10-09T20:50:08 MESZ" duration-ms="5497" status="PASS">
          <reporter-output>
          </reporter-output>
        </test-method> <!-- loginPozitiveTest -->
      </class> <!-- com.ait.demoqa.tests.bookStore.LoginPageTests -->
    </test> <!-- Smoky -->
  </suite> <!-- Smoky -->
</testng-results>
